141102 15:44:01 mysqld_safe Starting mysqld daemon with databases from /var/mysql
141102 15:44:02 [Warning] '--skip-locking' is deprecated and will be removed in a future release. Please use '--skip-external-locking' instead.
141102 15:44:02 [Note] Plugin 'FEDERATED' is disabled.
141102 15:44:04  InnoDB: Initializing buffer pool, size = 8.0M
141102 15:44:04  InnoDB: Completed initialization of buffer pool
InnoDB: The first specified data file ./ibdata1 did not exist:
InnoDB: a new database to be created!
141102 15:44:04  InnoDB: Setting file ./ibdata1 size to 10 MB
InnoDB: Database physically writes the file full: wait...
141102 15:44:06  InnoDB: Log file ./ib_logfile0 did not exist: new to be created
InnoDB: Setting log file ./ib_logfile0 size to 5 MB
InnoDB: Database physically writes the file full: wait...
141102 15:44:07  InnoDB: Log file ./ib_logfile1 did not exist: new to be created
InnoDB: Setting log file ./ib_logfile1 size to 5 MB
InnoDB: Database physically writes the file full: wait...
InnoDB: Doublewrite buffer not found: creating new
InnoDB: Doublewrite buffer created
InnoDB: Creating foreign key constraint system tables
InnoDB: Foreign key constraint system tables created
141102 15:44:10  InnoDB: Started; log sequence number 0 0
141102 15:44:11 [Note] Event Scheduler: Loaded 0 events
141102 15:44:11 [Note] /usr/local/libexec/mysqld: ready for connections.
Version: '5.1.73-log'  socket: '/var/run/mysql/mysql.sock'  port: 3306  OpenBSD port: mysql-server-5.1.73v0
141103 10:07:37 [Note] /usr/local/libexec/mysqld: Normal shutdown

141103 10:07:37 [Note] Event Scheduler: Purging the queue. 0 events
141103 10:07:37  InnoDB: Starting shutdown...
141103 10:07:41  InnoDB: Shutdown completed; log sequence number 0 44233
141103 10:07:41 [Note] /usr/local/libexec/mysqld: Shutdown complete

141103 10:07:41 mysqld_safe mysqld from pid file /var/mysql/cyberus.itinet.fr.pid ended
141105 10:41:16 mysqld_safe Starting mysqld daemon with databases from /var/mysql
141105 10:41:17 [Warning] '--skip-locking' is deprecated and will be removed in a future release. Please use '--skip-external-locking' instead.
141105 10:41:18 [Note] Plugin 'FEDERATED' is disabled.
141105 10:41:20  InnoDB: Initializing buffer pool, size = 8.0M
141105 10:41:20  InnoDB: Completed initialization of buffer pool
141105 10:41:21  InnoDB: Started; log sequence number 0 44233
141105 10:41:22 [Note] Event Scheduler: Loaded 0 events
141105 10:41:22 [Note] /usr/local/libexec/mysqld: ready for connections.
Version: '5.1.73-log'  socket: '/var/run/mysql/mysql.sock'  port: 3306  OpenBSD port: mysql-server-5.1.73v0
141105 15:08:50 [Note] /usr/local/libexec/mysqld: Normal shutdown

141105 15:08:50 [Note] Event Scheduler: Purging the queue. 0 events
141105 15:08:50  InnoDB: Starting shutdown...
141105 15:08:55  InnoDB: Shutdown completed; log sequence number 0 44233
141105 15:08:55 [Note] /usr/local/libexec/mysqld: Shutdown complete

141105 15:08:55 mysqld_safe mysqld from pid file /var/mysql/cyberus.itinet.fr.pid ended
141119 10:59:18 mysqld_safe Starting mysqld daemon with databases from /var/mysql
141119 10:59:19 [Warning] '--skip-locking' is deprecated and will be removed in a future release. Please use '--skip-external-locking' instead.
141119 10:59:19 [Note] Plugin 'FEDERATED' is disabled.
141119 10:59:21  InnoDB: Initializing buffer pool, size = 8.0M
141119 10:59:21  InnoDB: Completed initialization of buffer pool
141119 10:59:22  InnoDB: Started; log sequence number 0 44233
141119 10:59:23 [Note] Event Scheduler: Loaded 0 events
141119 10:59:23 [Note] /usr/local/libexec/mysqld: ready for connections.
Version: '5.1.73-log'  socket: '/var/run/mysql/mysql.sock'  port: 3306  OpenBSD port: mysql-server-5.1.73v0
141120 10:49:16 [Note] /usr/local/libexec/mysqld: Normal shutdown

141120 10:49:16 [Note] Event Scheduler: Purging the queue. 0 events
141120 10:49:17  InnoDB: Starting shutdown...
141120 10:49:19  InnoDB: Shutdown completed; log sequence number 0 44233
141120 10:49:19 [Note] /usr/local/libexec/mysqld: Shutdown complete

141120 10:49:19 mysqld_safe mysqld from pid file /var/mysql/cyberus.itinet.fr.pid ended
